{"level":"info","message":"consultando pagamento: 80","timestamp":"2016-09-01T15:18:07.128Z"}
{"level":"info","message":"::1 - - [01/Sep/2016:15:18:07 +0000] \"GET /pagamentos/pagamento/80 HTTP/1.1\" 200 154\n","timestamp":"2016-09-01T15:18:07.167Z"}
{"level":"info","message":"::1 - - [02/Sep/2016:01:24:59 +0000] \"POST /correios/calculo-prazo HTTP/1.1\" 200 162\n","timestamp":"2016-09-02T01:24:59.628Z"}
{"level":"info","message":"::1 - - [14/Sep/2018:02:24:18 +0000] \"GET / HTTP/1.1\" 404 13\n","timestamp":"2018-09-14T02:24:18.451Z"}
{"level":"info","message":"::1 - - [14/Sep/2018:02:26:43 +0000] \"GET /teste HTTP/1.1\" 404 18\n","timestamp":"2018-09-14T02:26:43.442Z"}
{"level":"info","message":"::1 - - [14/Sep/2018:02:26:49 +0000] \"GET /teste HTTP/1.1\" 200 5\n","timestamp":"2018-09-14T02:26:49.693Z"}
{"level":"info","message":"::1 - - [14/Sep/2018:02:51:48 +0000] \"GET / HTTP/1.1\" 404 13\n","timestamp":"2018-09-14T02:51:48.212Z"}
{"level":"info","message":"::1 - - [14/Sep/2018:02:51:54 +0000] \"GET /teste?teste=ih HTTP/1.1\" 200 16\n","timestamp":"2018-09-14T02:51:54.964Z"}
{"level":"info","message":"::1 - - [14/Sep/2018:02:52:35 +0000] \"GET /teste?id=ih HTTP/1.1\" 200 16\n","timestamp":"2018-09-14T02:52:35.776Z"}
{"level":"info","message":"::1 - - [14/Sep/2018:02:52:55 +0000] \"GET /teste?id=ih HTTP/1.1\" 304 -\n","timestamp":"2018-09-14T02:52:55.186Z"}
{"level":"info","message":"::1 - - [14/Sep/2018:02:53:06 +0000] \"GET /teste?id=ih HTTP/1.1\" 304 -\n","timestamp":"2018-09-14T02:53:06.394Z"}
{"level":"info","message":"::1 - - [14/Sep/2018:02:53:12 +0000] \"GET /teste?id=ola HTTP/1.1\" 200 16\n","timestamp":"2018-09-14T02:53:12.248Z"}
{"level":"info","message":"::1 - - [14/Sep/2018:02:54:55 +0000] \"GET /teste?id=ola HTTP/1.1\" 200 10\n","timestamp":"2018-09-14T02:54:55.524Z"}
{"level":"info","message":"::1 - - [14/Sep/2018:02:55:32 +0000] \"GET /teste?id=ola HTTP/1.1\" 304 -\n","timestamp":"2018-09-14T02:55:32.333Z"}
{"level":"info","message":"::1 - - [14/Sep/2018:02:55:36 +0000] \"GET /teste?myParameter=ola HTTP/1.1\" 200 16\n","timestamp":"2018-09-14T02:55:36.091Z"}
{"level":"info","message":"::1 - - [14/Sep/2018:02:55:46 +0000] \"GET /teste?myParameter=ola HTTP/1.1\" 200 10\n","timestamp":"2018-09-14T02:55:46.278Z"}
{"level":"info","message":"::1 - - [25/Sep/2018:01:21:11 +0000] \"GET / HTTP/1.1\" 404 13\n","timestamp":"2018-09-25T01:21:11.107Z"}
{"level":"info","message":"::1 - - [25/Sep/2018:01:21:11 +0000] \"GET /favicon.ico HTTP/1.1\" 404 24\n","timestamp":"2018-09-25T01:21:11.166Z"}
{"level":"info","message":"::1 - - [25/Sep/2018:01:21:14 +0000] \"GET /teste HTTP/1.1\" 200 16\n","timestamp":"2018-09-25T01:21:14.216Z"}
{"level":"info","message":"::1 - - [25/Sep/2018:01:22:31 +0000] \"GET /teste HTTP/1.1\" 304 -\n","timestamp":"2018-09-25T01:22:31.635Z"}
{"level":"info","message":"::1 - - [25/Sep/2018:01:24:39 +0000] \"GET /teste HTTP/1.1\" 304 -\n","timestamp":"2018-09-25T01:24:39.310Z"}
{"level":"info","message":"::1 - - [25/Sep/2018:01:24:59 +0000] \"GET /teste?myParameter=chato HTTP/1.1\" 200 12\n","timestamp":"2018-09-25T01:24:59.134Z"}
{"level":"info","message":"::1 - - [25/Sep/2018:01:25:29 +0000] \"GET /teste?myParameter=chato HTTP/1.1\" 304 -\n","timestamp":"2018-09-25T01:25:29.352Z"}
{"level":"info","message":"::1 - - [25/Sep/2018:01:25:29 +0000] \"GET /teste?myParameter=chato HTTP/1.1\" 304 -\n","timestamp":"2018-09-25T01:25:29.832Z"}
{"level":"info","message":"::1 - - [25/Sep/2018:01:25:29 +0000] \"GET /teste?myParameter=chato HTTP/1.1\" 304 -\n","timestamp":"2018-09-25T01:25:29.983Z"}
{"level":"info","message":"::1 - - [25/Sep/2018:01:25:30 +0000] \"GET /teste?myParameter=chato HTTP/1.1\" 304 -\n","timestamp":"2018-09-25T01:25:30.141Z"}
{"level":"info","message":"::1 - - [25/Sep/2018:01:25:30 +0000] \"GET /teste?myParameter=chato HTTP/1.1\" 304 -\n","timestamp":"2018-09-25T01:25:30.278Z"}
{"level":"info","message":"::1 - - [25/Sep/2018:01:25:33 +0000] \"GET /teste?myParameter=chato HTTP/1.1\" 304 -\n","timestamp":"2018-09-25T01:25:33.134Z"}
{"level":"info","message":"::1 - - [25/Sep/2018:01:25:36 +0000] \"GET /teste?myParameter=chato HTTP/1.1\" 304 -\n","timestamp":"2018-09-25T01:25:36.713Z"}
{"level":"info","message":"::1 - - [25/Sep/2018:01:27:08 +0000] \"GET /teste?myParameter=chato HTTP/1.1\" 500 2337\n","timestamp":"2018-09-25T01:27:08.679Z"}
{"level":"info","message":"::1 - - [25/Sep/2018:01:27:29 +0000] \"GET /teste?myParameter=chato HTTP/1.1\" 200 12\n","timestamp":"2018-09-25T01:27:29.222Z"}
{"level":"info","message":"::1 - - [25/Sep/2018:01:27:36 +0000] \"GET /teste?myParameter=teste HTTP/1.1\" 200 12\n","timestamp":"2018-09-25T01:27:36.532Z"}
{"level":"info","message":"::1 - - [25/Sep/2018:01:28:28 +0000] \"GET /teste?myParameter=teste HTTP/1.1\" 304 -\n","timestamp":"2018-09-25T01:28:28.512Z"}
{"level":"info","message":"::1 - - [25/Sep/2018:01:28:41 +0000] \"GET /teste?myParameter=mais_um HTTP/1.1\" 200 14\n","timestamp":"2018-09-25T01:28:41.137Z"}
{"level":"info","message":"::1 - - [25/Sep/2018:01:28:47 +0000] \"GET /teste?myParameter=mais%20um HTTP/1.1\" 200 14\n","timestamp":"2018-09-25T01:28:47.025Z"}
{"level":"info","message":"::1 - - [25/Sep/2018:01:28:53 +0000] \"GET /teste?myParameter=teste%201%202%203%204%205%206 HTTP/1.1\" 200 24\n","timestamp":"2018-09-25T01:28:53.263Z"}
{"level":"info","message":"::1 - - [26/Sep/2018:02:26:23 +0000] \"GET /teste HTTP/1.1\" 304 -\n","timestamp":"2018-09-26T02:26:23.581Z"}
{"level":"info","message":"::1 - - [26/Sep/2018:02:26:23 +0000] \"GET /favicon.ico HTTP/1.1\" 404 24\n","timestamp":"2018-09-26T02:26:23.770Z"}
{"level":"info","message":"::1 - - [26/Sep/2018:02:26:27 +0000] \"GET /teste?myParameter=teste%201%202%203%204%205%206 HTTP/1.1\" 304 -\n","timestamp":"2018-09-26T02:26:27.473Z"}
{"level":"info","message":"::1 - - [26/Sep/2018:02:26:37 +0000] \"GET /teste?myParameter=ola HTTP/1.1\" 200 10\n","timestamp":"2018-09-26T02:26:37.633Z"}
{"level":"info","message":"::1 - - [26/Sep/2018:02:34:05 +0000] \"GET /teste?myParameter=ola HTTP/1.1\" 200 11\n","timestamp":"2018-09-26T02:34:05.277Z"}
{"level":"info","message":"::1 - - [26/Sep/2018:02:34:31 +0000] \"GET /teste?myParameter=ola HTTP/1.1\" 304 -\n","timestamp":"2018-09-26T02:34:31.418Z"}
{"level":"info","message":"::1 - - [26/Sep/2018:02:34:34 +0000] \"GET /teste?myParameter=ola HTTP/1.1\" 304 -\n","timestamp":"2018-09-26T02:34:34.296Z"}
{"level":"info","message":"::1 - - [26/Sep/2018:02:34:38 +0000] \"GET /teste?myParameter=ola HTTP/1.1\" 304 -\n","timestamp":"2018-09-26T02:34:38.960Z"}
{"level":"info","message":"::1 - - [26/Sep/2018:02:34:44 +0000] \"GET /teste?myParameter=ola HTTP/1.1\" 304 -\n","timestamp":"2018-09-26T02:34:44.902Z"}
{"level":"info","message":"::1 - - [26/Sep/2018:02:35:19 +0000] \"GET /teste?myParameter=ola HTTP/1.1\" 304 -\n","timestamp":"2018-09-26T02:35:19.843Z"}
{"level":"info","message":"::1 - - [26/Sep/2018:02:35:32 +0000] \"GET /teste?myParameter=ola HTTP/1.1\" 500 2331\n","timestamp":"2018-09-26T02:35:32.032Z"}
{"level":"info","message":"::1 - - [26/Sep/2018:02:36:20 +0000] \"GET /teste?myParameter=ola HTTP/1.1\" 200 11\n","timestamp":"2018-09-26T02:36:20.310Z"}
{"level":"info","message":"::1 - - [26/Sep/2018:02:59:13 +0000] \"GET /teste?myParameter=ola HTTP/1.1\" 304 -\n","timestamp":"2018-09-26T02:59:13.154Z"}
{"level":"info","message":"::1 - - [26/Sep/2018:02:59:22 +0000] \"GET /teste?myParameter=naooo HTTP/1.1\" 200 13\n","timestamp":"2018-09-26T02:59:22.418Z"}
{"level":"info","message":"::1 - - [26/Sep/2018:03:16:47 +0000] \"GET / HTTP/1.1\" 404 13\n","timestamp":"2018-09-26T03:16:47.288Z"}
{"level":"info","message":"::1 - - [26/Sep/2018:03:16:47 +0000] \"GET /favicon.ico HTTP/1.1\" 404 24\n","timestamp":"2018-09-26T03:16:47.333Z"}
{"level":"info","message":"::1 - - [26/Sep/2018:03:16:56 +0000] \"GET /teste?myParameter=hhh HTTP/1.1\" 200 13\n","timestamp":"2018-09-26T03:16:56.768Z"}
{"level":"info","message":"::1 - - [26/Sep/2018:03:17:10 +0000] \"GET /teste?myParameter=hhh HTTP/1.1\" 304 -\n","timestamp":"2018-09-26T03:17:10.907Z"}
{"level":"info","message":"::1 - - [26/Sep/2018:03:17:11 +0000] \"GET /teste?myParameter=hhh HTTP/1.1\" 304 -\n","timestamp":"2018-09-26T03:17:11.958Z"}
{"level":"info","message":"::1 - - [26/Sep/2018:03:17:14 +0000] \"GET /teste?myParameter=hhh HTTP/1.1\" 304 -\n","timestamp":"2018-09-26T03:17:14.647Z"}
{"level":"info","message":"::1 - - [26/Sep/2018:03:17:24 +0000] \"GET /teste?myParameter=hhh HTTP/1.1\" 304 -\n","timestamp":"2018-09-26T03:17:24.469Z"}
{"level":"info","message":"::1 - - [26/Sep/2018:03:17:35 +0000] \"GET /teste?myParameter=hhh HTTP/1.1\" 304 -\n","timestamp":"2018-09-26T03:17:35.020Z"}
{"level":"info","message":"::1 - - [26/Sep/2018:03:17:35 +0000] \"GET /teste?myParameter=hhh HTTP/1.1\" 304 -\n","timestamp":"2018-09-26T03:17:35.669Z"}
{"level":"info","message":"::1 - - [26/Sep/2018:03:17:35 +0000] \"GET /teste?myParameter=hhh HTTP/1.1\" 304 -\n","timestamp":"2018-09-26T03:17:35.843Z"}
{"level":"info","message":"::1 - - [26/Sep/2018:03:17:35 +0000] \"GET /teste?myParameter=hhh HTTP/1.1\" 304 -\n","timestamp":"2018-09-26T03:17:35.975Z"}
{"level":"info","message":"::1 - - [26/Sep/2018:03:17:43 +0000] \"GET /teste?myParameter=hhh HTTP/1.1\" 500 2331\n","timestamp":"2018-09-26T03:17:43.311Z"}
{"level":"info","message":"::1 - - [26/Sep/2018:03:17:44 +0000] \"GET /teste?myParameter=hhh HTTP/1.1\" 500 2331\n","timestamp":"2018-09-26T03:17:44.187Z"}
{"level":"info","message":"::1 - - [26/Sep/2018:03:17:56 +0000] \"GET /teste?myParameter=hhh HTTP/1.1\" 500 2331\n","timestamp":"2018-09-26T03:17:56.126Z"}
{"level":"info","message":"::1 - - [26/Sep/2018:03:18:02 +0000] \"GET /teste?myParameter=hhh HTTP/1.1\" 200 13\n","timestamp":"2018-09-26T03:18:02.663Z"}
{"level":"info","message":"::1 - - [26/Sep/2018:03:19:21 +0000] \"GET /teste?myParameter=hhh HTTP/1.1\" 304 -\n","timestamp":"2018-09-26T03:19:21.172Z"}
{"level":"info","message":"::1 - - [26/Sep/2018:03:19:24 +0000] \"GET /teste?myParameter=hhh HTTP/1.1\" 304 -\n","timestamp":"2018-09-26T03:19:24.824Z"}
{"level":"info","message":"::1 - - [26/Sep/2018:03:19:25 +0000] \"GET /teste?myParameter=hhh HTTP/1.1\" 304 -\n","timestamp":"2018-09-26T03:19:25.637Z"}
{"level":"info","message":"::1 - - [26/Sep/2018:03:19:25 +0000] \"GET /teste?myParameter=hhh HTTP/1.1\" 304 -\n","timestamp":"2018-09-26T03:19:25.785Z"}
{"level":"info","message":"::1 - - [26/Sep/2018:03:19:39 +0000] \"GET /teste?myParameter=hhh HTTP/1.1\" 304 -\n","timestamp":"2018-09-26T03:19:39.809Z"}
{"level":"info","message":"::1 - - [26/Sep/2018:03:19:40 +0000] \"GET /teste?myParameter=hhh HTTP/1.1\" 304 -\n","timestamp":"2018-09-26T03:19:40.499Z"}
{"level":"info","message":"::1 - - [26/Sep/2018:03:19:40 +0000] \"GET /teste?myParameter=hhh HTTP/1.1\" 304 -\n","timestamp":"2018-09-26T03:19:40.686Z"}
{"level":"info","message":"::1 - - [26/Sep/2018:03:20:04 +0000] \"GET /teste?myParameter=hhh HTTP/1.1\" 304 -\n","timestamp":"2018-09-26T03:20:04.448Z"}
{"level":"info","message":"::1 - - [26/Sep/2018:03:20:10 +0000] \"GET /teste?myParameter=hhh HTTP/1.1\" 304 -\n","timestamp":"2018-09-26T03:20:10.484Z"}
{"level":"info","message":"::1 - - [26/Sep/2018:03:21:30 +0000] \"GET /teste?myParameter=hhh HTTP/1.1\" 200 22\n","timestamp":"2018-09-26T03:21:30.465Z"}
